<?xml version="1.0" encoding="UTF-8"?>
<testsuites name="HolmDigital Accessibility Scan" time="2.621">
  <testsuite name="https://example.com" tests="2" failures="2" errors="0" time="2.621">
    <testcase name="[MEDIUM] landmark-one-main" classname="1.3.1" time="0">
      <failure message="Document should have one main landmark" type="medium">WCAG 1.3.1 | EN 301 549 9.1.3.1
Ref: 9 § (Struktur och relationer). Remediation: Manual</failure>
    </testcase>
    <testcase name="[MEDIUM] region" classname="1.3.1" time="0">
      <failure message="All page content should be contained by landmarks" type="medium">WCAG 1.3.1 | EN 301 549 9.1.3.1
Ref: 9 § (Struktur och relationer). Remediation: Manual</failure>
    </testcase>
  </testsuite>
</testsuites>